Flutter crash report.
Please report a bug at https://github.com/flutter/flutter/issues.

## command

flutter --no-color run --machine --track-widget-creation --device-id=emulator-5554 --start-paused --dart-define=flutter.inspector.structuredErrors=true --devtools-server-address=http://127.0.0.1:9101 lib\main.dart

## exception

FileSystemException: FileSystemException: Cannot delete file, path = 'D:\ashwani\SparrowProjects\HyS\.flutter-plugins-dependencies' (OS Error: The process cannot access the file because it is being used by another process.
, errno = 32)

```
#0      _File.throwIfError (dart:io/file_impl.dart:635:7)
#1      _File._deleteSync (dart:io/file_impl.dart:298:5)
#2      FileSystemEntity.deleteSync (dart:io/file_system_entity.dart:408:7)
#3      ForwardingFileSystemEntity.deleteSync (package:file/src/forwarding/forwarding_file_system_entity.dart:70:16)
#4      ForwardingFileSystemEntity.deleteSync (package:file/src/forwarding/forwarding_file_system_entity.dart:70:16)
#5      ErrorHandlingFileSystem.deleteIfExists (package:flutter_tools/src/base/error_handling_io.dart:82:12)
#6      _writeFlutterPluginsList (package:flutter_tools/src/flutter_plugins.dart:170:36)
#7      refreshPluginsList (package:flutter_tools/src/flutter_plugins.dart:1036:24)
<asynchronous suspension>
#8      FlutterProject.ensureReadyForPlatformSpecificTooling (package:flutter_tools/src/project.dart:316:5)
<asynchronous suspension>
#9      FlutterCommand.verifyThenRunCommand (package:flutter_tools/src/runner/flutter_command.dart:1260:7)
<asynchronous suspension>
#10     FlutterCommand.run.<anonymous closure> (package:flutter_tools/src/runner/flutter_command.dart:1125:27)
<asynchronous suspension>
#11     AppContext.run.<anonymous closure> (package:flutter_tools/src/base/context.dart:150:19)
<asynchronous suspension>
#12     CommandRunner.runCommand (package:args/command_runner.dart:209:13)
<asynchronous suspension>
#13     FlutterCommandRunner.runCommand.<anonymous closure> (package:flutter_tools/src/runner/flutter_command_runner.dart:288:9)
<asynchronous suspension>
#14     AppContext.run.<anonymous closure> (package:flutter_tools/src/base/context.dart:150:19)
<asynchronous suspension>
#15     FlutterCommandRunner.runCommand (package:flutter_tools/src/runner/flutter_command_runner.dart:236:5)
<asynchronous suspension>
#16     run.<anonymous closure>.<anonymous closure> (package:flutter_tools/runner.dart:62:9)
<asynchronous suspension>
#17     AppContext.run.<anonymous closure> (package:flutter_tools/src/base/context.dart:150:19)
<asynchronous suspension>
#18     main (package:flutter_tools/executable.dart:92:3)
<asynchronous suspension>
```

## flutter doctor

```
[✓] Flutter (Channel stable, 2.5.0, on Microsoft Windows [Version 10.0.19042.1288], locale en-US)
    • Flutter version 2.5.0 at C:\flutter
    • Upstream repository https://github.com/flutter/flutter.git
    • Framework revision 4cc385b4b8 (7 weeks ago), 2021-09-07 23:01:49 -0700
    • Engine revision f0826da7ef
    • Dart version 2.14.0

[✓] Android toolchain - develop for Android devices (Android SDK version 30.0.3)
    • Android SDK at C:\Users\ashwani\AppData\Local\Android\Sdk
    • Platform android-31, build-tools 30.0.3
    • ANDROID_HOME = C:\Users\ashwani\AppData\Local\Android\Sdk
    • Java binary at: C:\Program Files\Android\Android Studio1\jre\bin\java
    • Java version OpenJDK Runtime Environment (build 11.0.10+0-b96-7249189)
    • All Android licenses accepted.

[✓] Chrome - develop for the web
    • Chrome at C:\Program Files\Google\Chrome\Application\chrome.exe

[✓] Android Studio (version 2020.3)
    • Android Studio at C:\Program Files\Android\Android Studio1
    • Flutter plugin can be installed from:
      🔨 https://plugins.jetbrains.com/plugin/9212-flutter
    • Dart plugin can be installed from:
      🔨 https://plugins.jetbrains.com/plugin/6351-dart
    • Java version OpenJDK Runtime Environment (build 11.0.10+0-b96-7249189)

[✓] VS Code (version 1.61.2)
    • VS Code at C:\Users\ashwani\AppData\Local\Programs\Microsoft VS Code
    • Flutter extension can be installed from:
      🔨 https://marketplace.visualstudio.com/items?itemName=Dart-Code.flutter

[✓] Connected device (3 available)
    • AOSP on IA Emulator (mobile) • emulator-5554 • android-x86    • Android 9 (API 28) (emulator)
    • Chrome (web)                 • chrome        • web-javascript • Google Chrome 94.0.4606.81
    • Edge (web)                   • edge          • web-javascript • Microsoft Edge 95.0.1020.30

• No issues found!
```
